<?xml version="1.0" encoding="UTF-8"?>
<coverage generated="1681769135474" clover="3.2.0">
  <project timestamp="1681769135474" name="All files">
    <metrics statements="720" coveredstatements="720" conditionals="93" coveredconditionals="93" methods="24" coveredmethods="24" elements="837" coveredelements="837" complexity="0" loc="720" ncloc="720" packages="3" files="14" classes="14"/>
    <package name="components">
      <metrics statements="673" coveredstatements="673" conditionals="85" coveredconditionals="85" methods="24" coveredmethods="24"/>
      <file name="Alert.vue" path="/Volumes/Files/Files/Development/GSA/smart-pay/smartpay-training/training-front-end/src/components/Alert.vue">
        <metrics statements="36" coveredstatements="36" conditionals="1" coveredconditionals="1" methods="0" coveredmethods="0"/>
        <line num="1" count="1" type="stmt"/>
        <line num="2" count="1" type="stmt"/>
        <line num="3" count="1" type="stmt"/>
        <line num="4" count="1" type="stmt"/>
        <line num="5" count="1" type="stmt"/>
        <line num="6" count="1" type="stmt"/>
        <line num="7" count="1" type="stmt"/>
        <line num="8" count="1" type="stmt"/>
        <line num="9" count="1" type="stmt"/>
        <line num="10" count="1" type="stmt"/>
        <line num="11" count="1" type="stmt"/>
        <line num="12" count="1" type="stmt"/>
        <line num="13" count="1" type="stmt"/>
        <line num="14" count="1" type="stmt"/>
        <line num="15" count="1" type="stmt"/>
        <line num="16" count="1" type="stmt"/>
        <line num="17" count="1" type="stmt"/>
        <line num="18" count="1" type="stmt"/>
        <line num="19" count="1" type="stmt"/>
        <line num="20" count="1" type="stmt"/>
        <line num="21" count="1" type="stmt"/>
        <line num="22" count="1" type="cond" truecount="1" falsecount="0"/>
        <line num="23" count="8" type="stmt"/>
        <line num="24" count="1" type="stmt"/>
        <line num="25" count="1" type="stmt"/>
        <line num="26" count="1" type="stmt"/>
        <line num="27" count="1" type="stmt"/>
        <line num="28" count="1" type="stmt"/>
        <line num="29" count="1" type="stmt"/>
        <line num="30" count="1" type="stmt"/>
        <line num="31" count="1" type="stmt"/>
        <line num="32" count="1" type="stmt"/>
        <line num="33" count="1" type="stmt"/>
        <line num="34" count="1" type="stmt"/>
        <line num="35" count="1" type="stmt"/>
        <line num="36" count="1" type="stmt"/>
      </file>
      <file name="Loginless.vue" path="/Volumes/Files/Files/Development/GSA/smart-pay/smartpay-training/training-front-end/src/components/Loginless.vue">
        <metrics statements="209" coveredstatements="209" conditionals="30" coveredconditionals="30" methods="6" coveredmethods="6"/>
        <line num="1" count="1" type="stmt"/>
        <line num="2" count="1" type="stmt"/>
        <line num="3" count="1" type="stmt"/>
        <line num="4" count="1" type="stmt"/>
        <line num="5" count="1" type="stmt"/>
        <line num="6" count="1" type="stmt"/>
        <line num="7" count="1" type="stmt"/>
        <line num="8" count="1" type="stmt"/>
        <line num="9" count="1" type="stmt"/>
        <line num="10" count="1" type="stmt"/>
        <line num="11" count="1" type="stmt"/>
        <line num="12" count="1" type="stmt"/>
        <line num="13" count="1" type="stmt"/>
        <line num="14" count="1" type="stmt"/>
        <line num="15" count="1" type="stmt"/>
        <line num="16" count="1" type="stmt"/>
        <line num="17" count="1" type="stmt"/>
        <line num="18" count="1" type="stmt"/>
        <line num="19" count="1" type="stmt"/>
        <line num="20" count="1" type="stmt"/>
        <line num="21" count="1" type="stmt"/>
        <line num="22" count="1" type="cond" truecount="1" falsecount="0"/>
        <line num="23" count="1" type="stmt"/>
        <line num="24" count="1" type="stmt"/>
        <line num="25" count="1" type="stmt"/>
        <line num="26" count="1" type="stmt"/>
        <line num="27" count="1" type="stmt"/>
        <line num="28" count="1" type="stmt"/>
        <line num="29" count="1" type="stmt"/>
        <line num="30" count="1" type="stmt"/>
        <line num="31" count="1" type="stmt"/>
        <line num="32" count="1" type="stmt"/>
        <line num="33" count="1" type="stmt"/>
        <line num="34" count="1" type="stmt"/>
        <line num="35" count="1" type="stmt"/>
        <line num="36" count="1" type="stmt"/>
        <line num="37" count="1" type="stmt"/>
        <line num="38" count="1" type="stmt"/>
        <line num="39" count="1" type="stmt"/>
        <line num="40" count="1" type="stmt"/>
        <line num="41" count="1" type="stmt"/>
        <line num="42" count="1" type="stmt"/>
        <line num="43" count="1" type="stmt"/>
        <line num="44" count="1" type="stmt"/>
        <line num="45" count="1" type="stmt"/>
        <line num="46" count="1" type="stmt"/>
        <line num="47" count="1" type="stmt"/>
        <line num="48" count="1" type="stmt"/>
        <line num="49" count="1" type="stmt"/>
        <line num="50" count="1" type="cond" truecount="1" falsecount="0"/>
        <line num="51" count="2" type="stmt"/>
        <line num="52" count="2" type="stmt"/>
        <line num="53" count="2" type="stmt"/>
        <line num="54" count="2" type="stmt"/>
        <line num="55" count="1" type="stmt"/>
        <line num="56" count="1" type="cond" truecount="1" falsecount="0"/>
        <line num="57" count="24" type="stmt"/>
        <line num="58" count="24" type="stmt"/>
        <line num="59" count="24" type="stmt"/>
        <line num="60" count="24" type="stmt"/>
        <line num="61" count="24" type="cond" truecount="1" falsecount="0"/>
        <line num="62" count="5" type="stmt"/>
        <line num="63" count="5" type="stmt"/>
        <line num="64" count="2" type="cond" truecount="1" falsecount="0"/>
        <line num="65" count="5" type="cond" truecount="1" falsecount="0"/>
        <line num="66" count="3" type="stmt"/>
        <line num="67" count="3" type="stmt"/>
        <line num="68" count="24" type="stmt"/>
        <line num="69" count="24" type="stmt"/>
        <line num="70" count="1" type="stmt"/>
        <line num="71" count="1" type="stmt"/>
        <line num="72" count="1" type="cond" truecount="1" falsecount="0"/>
        <line num="73" count="8" type="cond" truecount="2" falsecount="0"/>
        <line num="74" count="8" type="stmt"/>
        <line num="75" count="8" type="cond" truecount="1" falsecount="0"/>
        <line num="76" count="1" type="stmt"/>
        <line num="77" count="1" type="stmt"/>
        <line num="78" count="7" type="cond" truecount="1" falsecount="0"/>
        <line num="79" count="7" type="stmt"/>
        <line num="80" count="7" type="stmt"/>
        <line num="81" count="7" type="stmt"/>
        <line num="82" count="7" type="stmt"/>
        <line num="83" count="7" type="stmt"/>
        <line num="84" count="7" type="stmt"/>
        <line num="85" count="7" type="stmt"/>
        <line num="86" count="7" type="stmt"/>
        <line num="87" count="7" type="stmt"/>
        <line num="88" count="7" type="stmt"/>
        <line num="89" count="7" type="stmt"/>
        <line num="90" count="7" type="stmt"/>
        <line num="91" count="7" type="stmt"/>
        <line num="92" count="7" type="stmt"/>
        <line num="93" count="8" type="cond" truecount="2" falsecount="0"/>
        <line num="94" count="1" type="stmt"/>
        <line num="95" count="1" type="stmt"/>
        <line num="96" count="1" type="stmt"/>
        <line num="97" count="1" type="stmt"/>
        <line num="98" count="1" type="stmt"/>
        <line num="99" count="1" type="stmt"/>
        <line num="100" count="6" type="cond" truecount="2" falsecount="0"/>
        <line num="101" count="7" type="cond" truecount="1" falsecount="0"/>
        <line num="102" count="1" type="stmt"/>
        <line num="103" count="1" type="stmt"/>
        <line num="104" count="5" type="cond" truecount="1" falsecount="0"/>
        <line num="105" count="5" type="stmt"/>
        <line num="106" count="5" type="stmt"/>
        <line num="107" count="5" type="stmt"/>
        <line num="108" count="7" type="cond" truecount="1" falsecount="0"/>
        <line num="109" count="2" type="stmt"/>
        <line num="110" count="2" type="stmt"/>
        <line num="111" count="2" type="stmt"/>
        <line num="112" count="2" type="stmt"/>
        <line num="113" count="2" type="stmt"/>
        <line num="114" count="7" type="cond" truecount="1" falsecount="0"/>
        <line num="115" count="3" type="stmt"/>
        <line num="116" count="3" type="stmt"/>
        <line num="117" count="3" type="stmt"/>
        <line num="118" count="3" type="stmt"/>
        <line num="119" count="5" type="cond" truecount="1" falsecount="0"/>
        <line num="120" count="5" type="stmt"/>
        <line num="121" count="8" type="stmt"/>
        <line num="122" count="1" type="stmt"/>
        <line num="123" count="1" type="stmt"/>
        <line num="124" count="1" type="stmt"/>
        <line num="125" count="1" type="cond" truecount="1" falsecount="0"/>
        <line num="126" count="1" type="stmt"/>
        <line num="127" count="1" type="stmt"/>
        <line num="128" count="1" type="stmt"/>
        <line num="129" count="1" type="stmt"/>
        <line num="130" count="1" type="stmt"/>
        <line num="131" count="1" type="stmt"/>
        <line num="132" count="1" type="stmt"/>
        <line num="133" count="1" type="stmt"/>
        <line num="134" count="1" type="stmt"/>
        <line num="135" count="1" type="stmt"/>
        <line num="136" count="1" type="stmt"/>
        <line num="137" count="1" type="stmt"/>
        <line num="138" count="1" type="stmt"/>
        <line num="139" count="1" type="stmt"/>
        <line num="140" count="1" type="stmt"/>
        <line num="141" count="1" type="stmt"/>
        <line num="142" count="1" type="stmt"/>
        <line num="143" count="1" type="stmt"/>
        <line num="144" count="1" type="stmt"/>
        <line num="145" count="1" type="stmt"/>
        <line num="146" count="1" type="stmt"/>
        <line num="147" count="1" type="stmt"/>
        <line num="148" count="1" type="stmt"/>
        <line num="149" count="1" type="stmt"/>
        <line num="150" count="1" type="stmt"/>
        <line num="151" count="1" type="cond" truecount="2" falsecount="0"/>
        <line num="152" count="1" type="stmt"/>
        <line num="153" count="1" type="stmt"/>
        <line num="154" count="1" type="stmt"/>
        <line num="155" count="1" type="stmt"/>
        <line num="156" count="1" type="stmt"/>
        <line num="157" count="1" type="stmt"/>
        <line num="158" count="1" type="stmt"/>
        <line num="159" count="1" type="stmt"/>
        <line num="160" count="1" type="stmt"/>
        <line num="161" count="1" type="stmt"/>
        <line num="162" count="1" type="stmt"/>
        <line num="163" count="1" type="stmt"/>
        <line num="164" count="1" type="stmt"/>
        <line num="165" count="1" type="stmt"/>
        <line num="166" count="1" type="stmt"/>
        <line num="167" count="1" type="stmt"/>
        <line num="168" count="1" type="stmt"/>
        <line num="169" count="1" type="stmt"/>
        <line num="170" count="1" type="stmt"/>
        <line num="171" count="1" type="stmt"/>
        <line num="172" count="1" type="cond" truecount="2" falsecount="0"/>
        <line num="173" count="1" type="stmt"/>
        <line num="174" count="1" type="stmt"/>
        <line num="175" count="1" type="stmt"/>
        <line num="176" count="1" type="stmt"/>
        <line num="177" count="1" type="stmt"/>
        <line num="178" count="1" type="stmt"/>
        <line num="179" count="1" type="stmt"/>
        <line num="180" count="1" type="stmt"/>
        <line num="181" count="1" type="cond" truecount="2" falsecount="0"/>
        <line num="182" count="1" type="stmt"/>
        <line num="183" count="1" type="stmt"/>
        <line num="184" count="1" type="stmt"/>
        <line num="185" count="1" type="stmt"/>
        <line num="186" count="1" type="stmt"/>
        <line num="187" count="1" type="stmt"/>
        <line num="188" count="1" type="stmt"/>
        <line num="189" count="1" type="stmt"/>
        <line num="190" count="1" type="cond" truecount="2" falsecount="0"/>
        <line num="191" count="1" type="stmt"/>
        <line num="192" count="1" type="stmt"/>
        <line num="193" count="1" type="stmt"/>
        <line num="194" count="1" type="stmt"/>
        <line num="195" count="1" type="stmt"/>
        <line num="196" count="1" type="stmt"/>
        <line num="197" count="1" type="stmt"/>
        <line num="198" count="1" type="stmt"/>
        <line num="199" count="1" type="stmt"/>
        <line num="200" count="1" type="stmt"/>
        <line num="201" count="1" type="stmt"/>
        <line num="202" count="1" type="stmt"/>
        <line num="203" count="1" type="stmt"/>
        <line num="204" count="1" type="stmt"/>
        <line num="205" count="1" type="stmt"/>
        <line num="206" count="1" type="stmt"/>
        <line num="207" count="1" type="cond" truecount="1" falsecount="0"/>
        <line num="208" count="1" type="stmt"/>
        <line num="209" count="1" type="stmt"/>
      </file>
      <file name="Quiz.vue" path="/Volumes/Files/Files/Development/GSA/smart-pay/smartpay-training/training-front-end/src/components/Quiz.vue">
        <metrics statements="112" coveredstatements="112" conditionals="17" coveredconditionals="17" methods="7" coveredmethods="7"/>
        <line num="1" count="1" type="stmt"/>
        <line num="2" count="1" type="stmt"/>
        <line num="3" count="1" type="stmt"/>
        <line num="4" count="1" type="stmt"/>
        <line num="5" count="1" type="stmt"/>
        <line num="6" count="1" type="stmt"/>
        <line num="7" count="1" type="stmt"/>
        <line num="8" count="1" type="stmt"/>
        <line num="9" count="1" type="stmt"/>
        <line num="10" count="1" type="stmt"/>
        <line num="11" count="1" type="stmt"/>
        <line num="12" count="1" type="stmt"/>
        <line num="13" count="1" type="stmt"/>
        <line num="14" count="1" type="stmt"/>
        <line num="15" count="1" type="stmt"/>
        <line num="16" count="1" type="stmt"/>
        <line num="17" count="1" type="cond" truecount="1" falsecount="0"/>
        <line num="18" count="1" type="cond" truecount="1" falsecount="0"/>
        <line num="19" count="1" type="cond" truecount="1" falsecount="0"/>
        <line num="20" count="1" type="cond" truecount="2" falsecount="0"/>
        <line num="21" count="1" type="stmt"/>
        <line num="22" count="1" type="stmt"/>
        <line num="23" count="1" type="cond" truecount="1" falsecount="0"/>
        <line num="24" count="14" type="stmt"/>
        <line num="25" count="14" type="stmt"/>
        <line num="26" count="14" type="stmt"/>
        <line num="27" count="1" type="stmt"/>
        <line num="28" count="1" type="cond" truecount="1" falsecount="0"/>
        <line num="29" count="15" type="stmt"/>
        <line num="30" count="15" type="stmt"/>
        <line num="31" count="15" type="stmt"/>
        <line num="32" count="15" type="stmt"/>
        <line num="33" count="1" type="stmt"/>
        <line num="34" count="1" type="cond" truecount="1" falsecount="0"/>
        <line num="35" count="22" type="stmt"/>
        <line num="36" count="22" type="stmt"/>
        <line num="37" count="22" type="stmt"/>
        <line num="38" count="22" type="stmt"/>
        <line num="39" count="1" type="stmt"/>
        <line num="40" count="1" type="stmt"/>
        <line num="41" count="1" type="cond" truecount="1" falsecount="0"/>
        <line num="42" count="5" type="stmt"/>
        <line num="43" count="5" type="stmt"/>
        <line num="44" count="1" type="stmt"/>
        <line num="45" count="1" type="stmt"/>
        <line num="46" count="1" type="cond" truecount="1" falsecount="0"/>
        <line num="47" count="14" type="stmt"/>
        <line num="48" count="14" type="stmt"/>
        <line num="49" count="14" type="stmt"/>
        <line num="50" count="14" type="stmt"/>
        <line num="51" count="14" type="stmt"/>
        <line num="52" count="1" type="stmt"/>
        <line num="53" count="1" type="cond" truecount="1" falsecount="0"/>
        <line num="54" count="3" type="cond" truecount="1" falsecount="0"/>
        <line num="55" count="1" type="stmt"/>
        <line num="56" count="1" type="stmt"/>
        <line num="57" count="2" type="cond" truecount="1" falsecount="0"/>
        <line num="58" count="2" type="stmt"/>
        <line num="59" count="2" type="stmt"/>
        <line num="60" count="2" type="stmt"/>
        <line num="61" count="3" type="stmt"/>
        <line num="62" count="1" type="stmt"/>
        <line num="63" count="1" type="cond" truecount="1" falsecount="0"/>
        <line num="64" count="15" type="stmt"/>
        <line num="65" count="15" type="stmt"/>
        <line num="66" count="1" type="stmt"/>
        <line num="67" count="1" type="cond" truecount="1" falsecount="0"/>
        <line num="68" count="4" type="stmt"/>
        <line num="69" count="4" type="stmt"/>
        <line num="70" count="1" type="stmt"/>
        <line num="71" count="1" type="stmt"/>
        <line num="72" count="1" type="stmt"/>
        <line num="73" count="1" type="stmt"/>
        <line num="74" count="1" type="stmt"/>
        <line num="75" count="1" type="stmt"/>
        <line num="76" count="1" type="stmt"/>
        <line num="77" count="1" type="stmt"/>
        <line num="78" count="1" type="stmt"/>
        <line num="79" count="1" type="stmt"/>
        <line num="80" count="1" type="stmt"/>
        <line num="81" count="1" type="cond" truecount="2" falsecount="0"/>
        <line num="82" count="1" type="stmt"/>
        <line num="83" count="1" type="stmt"/>
        <line num="84" count="1" type="stmt"/>
        <line num="85" count="1" type="stmt"/>
        <line num="86" count="1" type="stmt"/>
        <line num="87" count="1" type="stmt"/>
        <line num="88" count="1" type="stmt"/>
        <line num="89" count="1" type="stmt"/>
        <line num="90" count="1" type="stmt"/>
        <line num="91" count="1" type="stmt"/>
        <line num="92" count="1" type="stmt"/>
        <line num="93" count="1" type="stmt"/>
        <line num="94" count="1" type="stmt"/>
        <line num="95" count="1" type="stmt"/>
        <line num="96" count="1" type="stmt"/>
        <line num="97" count="1" type="stmt"/>
        <line num="98" count="1" type="stmt"/>
        <line num="99" count="1" type="stmt"/>
        <line num="100" count="1" type="stmt"/>
        <line num="101" count="1" type="stmt"/>
        <line num="102" count="1" type="stmt"/>
        <line num="103" count="1" type="stmt"/>
        <line num="104" count="1" type="stmt"/>
        <line num="105" count="1" type="stmt"/>
        <line num="106" count="1" type="stmt"/>
        <line num="107" count="1" type="stmt"/>
        <line num="108" count="1" type="stmt"/>
        <line num="109" count="1" type="stmt"/>
        <line num="110" count="1" type="stmt"/>
        <line num="111" count="1" type="stmt"/>
        <line num="112" count="1" type="stmt"/>
      </file>
      <file name="QuizCounter.vue" path="/Volumes/Files/Files/Development/GSA/smart-pay/smartpay-training/training-front-end/src/components/QuizCounter.vue">
        <metrics statements="18" coveredstatements="18" conditionals="0" coveredconditionals="0" methods="0" coveredmethods="0"/>
        <line num="1" count="1" type="stmt"/>
        <line num="2" count="1" type="stmt"/>
        <line num="3" count="1" type="stmt"/>
        <line num="4" count="1" type="stmt"/>
        <line num="5" count="1" type="stmt"/>
        <line num="6" count="1" type="stmt"/>
        <line num="7" count="1" type="stmt"/>
        <line num="8" count="1" type="stmt"/>
        <line num="9" count="1" type="stmt"/>
        <line num="10" count="1" type="stmt"/>
        <line num="11" count="1" type="stmt"/>
        <line num="12" count="1" type="stmt"/>
        <line num="13" count="1" type="stmt"/>
        <line num="14" count="1" type="stmt"/>
        <line num="15" count="1" type="stmt"/>
        <line num="16" count="1" type="stmt"/>
        <line num="17" count="1" type="stmt"/>
        <line num="18" count="1" type="stmt"/>
      </file>
      <file name="QuizIndex.vue" path="/Volumes/Files/Files/Development/GSA/smart-pay/smartpay-training/training-front-end/src/components/QuizIndex.vue">
        <metrics statements="132" coveredstatements="132" conditionals="17" coveredconditionals="17" methods="5" coveredmethods="5"/>
        <line num="1" count="1" type="stmt"/>
        <line num="2" count="1" type="stmt"/>
        <line num="3" count="1" type="stmt"/>
        <line num="4" count="1" type="stmt"/>
        <line num="5" count="1" type="stmt"/>
        <line num="6" count="1" type="stmt"/>
        <line num="7" count="1" type="stmt"/>
        <line num="8" count="1" type="stmt"/>
        <line num="9" count="1" type="stmt"/>
        <line num="10" count="1" type="stmt"/>
        <line num="11" count="1" type="stmt"/>
        <line num="12" count="1" type="stmt"/>
        <line num="13" count="1" type="stmt"/>
        <line num="14" count="1" type="stmt"/>
        <line num="15" count="1" type="stmt"/>
        <line num="16" count="1" type="cond" truecount="1" falsecount="0"/>
        <line num="17" count="11" type="stmt"/>
        <line num="18" count="11" type="stmt"/>
        <line num="19" count="11" type="stmt"/>
        <line num="20" count="11" type="stmt"/>
        <line num="21" count="11" type="stmt"/>
        <line num="22" count="11" type="stmt"/>
        <line num="23" count="11" type="stmt"/>
        <line num="24" count="11" type="stmt"/>
        <line num="25" count="11" type="stmt"/>
        <line num="26" count="11" type="cond" truecount="2" falsecount="0"/>
        <line num="27" count="1" type="stmt"/>
        <line num="28" count="1" type="stmt"/>
        <line num="29" count="1" type="stmt"/>
        <line num="30" count="1" type="stmt"/>
        <line num="31" count="1" type="stmt"/>
        <line num="32" count="10" type="cond" truecount="1" falsecount="0"/>
        <line num="33" count="11" type="cond" truecount="1" falsecount="0"/>
        <line num="34" count="1" type="stmt"/>
        <line num="35" count="1" type="stmt"/>
        <line num="36" count="1" type="stmt"/>
        <line num="37" count="1" type="stmt"/>
        <line num="38" count="1" type="stmt"/>
        <line num="39" count="9" type="cond" truecount="1" falsecount="0"/>
        <line num="40" count="9" type="stmt"/>
        <line num="41" count="1" type="stmt"/>
        <line num="42" count="1" type="stmt"/>
        <line num="43" count="1" type="cond" truecount="1" falsecount="0"/>
        <line num="44" count="1" type="stmt"/>
        <line num="45" count="1" type="stmt"/>
        <line num="46" count="1" type="stmt"/>
        <line num="47" count="1" type="stmt"/>
        <line num="48" count="1" type="stmt"/>
        <line num="49" count="1" type="stmt"/>
        <line num="50" count="1" type="stmt"/>
        <line num="51" count="1" type="stmt"/>
        <line num="52" count="1" type="stmt"/>
        <line num="53" count="1" type="stmt"/>
        <line num="54" count="1" type="cond" truecount="1" falsecount="0"/>
        <line num="55" count="6" type="stmt"/>
        <line num="56" count="6" type="stmt"/>
        <line num="57" count="6" type="stmt"/>
        <line num="58" count="1" type="stmt"/>
        <line num="59" count="1" type="cond" truecount="1" falsecount="0"/>
        <line num="60" count="1" type="stmt"/>
        <line num="61" count="1" type="stmt"/>
        <line num="62" count="1" type="stmt"/>
        <line num="63" count="1" type="stmt"/>
        <line num="64" count="1" type="stmt"/>
        <line num="65" count="1" type="stmt"/>
        <line num="66" count="1" type="cond" truecount="1" falsecount="0"/>
        <line num="67" count="5" type="stmt"/>
        <line num="68" count="5" type="stmt"/>
        <line num="69" count="5" type="stmt"/>
        <line num="70" count="5" type="stmt"/>
        <line num="71" count="5" type="stmt"/>
        <line num="72" count="5" type="stmt"/>
        <line num="73" count="5" type="stmt"/>
        <line num="74" count="5" type="stmt"/>
        <line num="75" count="5" type="stmt"/>
        <line num="76" count="5" type="stmt"/>
        <line num="77" count="5" type="stmt"/>
        <line num="78" count="5" type="stmt"/>
        <line num="79" count="5" type="stmt"/>
        <line num="80" count="5" type="cond" truecount="2" falsecount="0"/>
        <line num="81" count="1" type="stmt"/>
        <line num="82" count="1" type="stmt"/>
        <line num="83" count="1" type="stmt"/>
        <line num="84" count="1" type="stmt"/>
        <line num="85" count="1" type="stmt"/>
        <line num="86" count="5" type="cond" truecount="2" falsecount="0"/>
        <line num="87" count="1" type="stmt"/>
        <line num="88" count="1" type="stmt"/>
        <line num="89" count="1" type="stmt"/>
        <line num="90" count="1" type="stmt"/>
        <line num="91" count="1" type="stmt"/>
        <line num="92" count="1" type="stmt"/>
        <line num="93" count="1" type="stmt"/>
        <line num="94" count="4" type="cond" truecount="1" falsecount="0"/>
        <line num="95" count="4" type="stmt"/>
        <line num="96" count="4" type="stmt"/>
        <line num="97" count="5" type="stmt"/>
        <line num="98" count="1" type="stmt"/>
        <line num="99" count="1" type="cond" truecount="1" falsecount="0"/>
        <line num="100" count="1" type="stmt"/>
        <line num="101" count="1" type="stmt"/>
        <line num="102" count="1" type="stmt"/>
        <line num="103" count="1" type="cond" truecount="1" falsecount="0"/>
        <line num="104" count="5" type="stmt"/>
        <line num="105" count="5" type="stmt"/>
        <line num="106" count="1" type="stmt"/>
        <line num="107" count="1" type="stmt"/>
        <line num="108" count="1" type="stmt"/>
        <line num="109" count="1" type="stmt"/>
        <line num="110" count="1" type="stmt"/>
        <line num="111" count="1" type="stmt"/>
        <line num="112" count="1" type="stmt"/>
        <line num="113" count="1" type="stmt"/>
        <line num="114" count="1" type="stmt"/>
        <line num="115" count="1" type="stmt"/>
        <line num="116" count="1" type="stmt"/>
        <line num="117" count="1" type="stmt"/>
        <line num="118" count="1" type="stmt"/>
        <line num="119" count="1" type="stmt"/>
        <line num="120" count="1" type="stmt"/>
        <line num="121" count="1" type="stmt"/>
        <line num="122" count="1" type="stmt"/>
        <line num="123" count="1" type="stmt"/>
        <line num="124" count="1" type="stmt"/>
        <line num="125" count="1" type="stmt"/>
        <line num="126" count="1" type="stmt"/>
        <line num="127" count="1" type="stmt"/>
        <line num="128" count="1" type="stmt"/>
        <line num="129" count="1" type="stmt"/>
        <line num="130" count="1" type="stmt"/>
        <line num="131" count="1" type="stmt"/>
        <line num="132" count="1" type="stmt"/>
      </file>
      <file name="QuizIntro.vue" path="/Volumes/Files/Files/Development/GSA/smart-pay/smartpay-training/training-front-end/src/components/QuizIntro.vue">
        <metrics statements="15" coveredstatements="15" conditionals="1" coveredconditionals="1" methods="1" coveredmethods="1"/>
        <line num="1" count="1" type="stmt"/>
        <line num="2" count="1" type="stmt"/>
        <line num="3" count="1" type="stmt"/>
        <line num="4" count="1" type="stmt"/>
        <line num="5" count="1" type="stmt"/>
        <line num="6" count="1" type="stmt"/>
        <line num="7" count="1" type="stmt"/>
        <line num="8" count="1" type="stmt"/>
        <line num="9" count="1" type="stmt"/>
        <line num="10" count="1" type="stmt"/>
        <line num="11" count="1" type="stmt"/>
        <line num="12" count="1" type="cond" truecount="1" falsecount="0"/>
        <line num="13" count="1" type="stmt"/>
        <line num="14" count="1" type="stmt"/>
        <line num="15" count="1" type="stmt"/>
      </file>
      <file name="QuizQuestion.vue" path="/Volumes/Files/Files/Development/GSA/smart-pay/smartpay-training/training-front-end/src/components/QuizQuestion.vue">
        <metrics statements="28" coveredstatements="28" conditionals="2" coveredconditionals="2" methods="1" coveredmethods="1"/>
        <line num="1" count="1" type="stmt"/>
        <line num="2" count="1" type="stmt"/>
        <line num="3" count="1" type="stmt"/>
        <line num="4" count="1" type="stmt"/>
        <line num="5" count="1" type="cond" truecount="1" falsecount="0"/>
        <line num="6" count="15" type="stmt"/>
        <line num="7" count="15" type="stmt"/>
        <line num="8" count="15" type="stmt"/>
        <line num="9" count="1" type="stmt"/>
        <line num="10" count="1" type="stmt"/>
        <line num="11" count="1" type="stmt"/>
        <line num="12" count="1" type="stmt"/>
        <line num="13" count="1" type="stmt"/>
        <line num="14" count="1" type="stmt"/>
        <line num="15" count="1" type="stmt"/>
        <line num="16" count="1" type="stmt"/>
        <line num="17" count="1" type="stmt"/>
        <line num="18" count="1" type="stmt"/>
        <line num="19" count="1" type="stmt"/>
        <line num="20" count="1" type="cond" truecount="1" falsecount="0"/>
        <line num="21" count="1" type="stmt"/>
        <line num="22" count="1" type="stmt"/>
        <line num="23" count="1" type="stmt"/>
        <line num="24" count="1" type="stmt"/>
        <line num="25" count="1" type="stmt"/>
        <line num="26" count="1" type="stmt"/>
        <line num="27" count="1" type="stmt"/>
        <line num="28" count="1" type="stmt"/>
      </file>
      <file name="QuizResults.vue" path="/Volumes/Files/Files/Development/GSA/smart-pay/smartpay-training/training-front-end/src/components/QuizResults.vue">
        <metrics statements="56" coveredstatements="56" conditionals="7" coveredconditionals="7" methods="2" coveredmethods="2"/>
        <line num="1" count="1" type="stmt"/>
        <line num="2" count="1" type="stmt"/>
        <line num="3" count="1" type="stmt"/>
        <line num="4" count="1" type="stmt"/>
        <line num="5" count="1" type="stmt"/>
        <line num="6" count="1" type="stmt"/>
        <line num="7" count="1" type="stmt"/>
        <line num="8" count="1" type="stmt"/>
        <line num="9" count="1" type="stmt"/>
        <line num="10" count="1" type="stmt"/>
        <line num="11" count="1" type="cond" truecount="1" falsecount="0"/>
        <line num="12" count="1" type="cond" truecount="1" falsecount="0"/>
        <line num="13" count="1" type="cond" truecount="2" falsecount="0"/>
        <line num="14" count="1" type="stmt"/>
        <line num="15" count="1" type="stmt"/>
        <line num="16" count="1" type="cond" truecount="1" falsecount="0"/>
        <line num="17" count="3" type="stmt"/>
        <line num="18" count="3" type="stmt"/>
        <line num="19" count="1" type="stmt"/>
        <line num="20" count="1" type="cond" truecount="1" falsecount="0"/>
        <line num="21" count="8" type="stmt"/>
        <line num="22" count="8" type="stmt"/>
        <line num="23" count="1" type="stmt"/>
        <line num="24" count="1" type="stmt"/>
        <line num="25" count="1" type="stmt"/>
        <line num="26" count="1" type="stmt"/>
        <line num="27" count="1" type="stmt"/>
        <line num="28" count="1" type="stmt"/>
        <line num="29" count="1" type="stmt"/>
        <line num="30" count="1" type="stmt"/>
        <line num="31" count="1" type="stmt"/>
        <line num="32" count="1" type="stmt"/>
        <line num="33" count="1" type="stmt"/>
        <line num="34" count="1" type="stmt"/>
        <line num="35" count="1" type="stmt"/>
        <line num="36" count="1" type="stmt"/>
        <line num="37" count="1" type="stmt"/>
        <line num="38" count="1" type="stmt"/>
        <line num="39" count="1" type="stmt"/>
        <line num="40" count="1" type="stmt"/>
        <line num="41" count="1" type="stmt"/>
        <line num="42" count="1" type="stmt"/>
        <line num="43" count="1" type="stmt"/>
        <line num="44" count="1" type="stmt"/>
        <line num="45" count="1" type="stmt"/>
        <line num="46" count="1" type="stmt"/>
        <line num="47" count="1" type="stmt"/>
        <line num="48" count="1" type="stmt"/>
        <line num="49" count="1" type="stmt"/>
        <line num="50" count="1" type="stmt"/>
        <line num="51" count="1" type="cond" truecount="1" falsecount="0"/>
        <line num="52" count="1" type="stmt"/>
        <line num="53" count="1" type="stmt"/>
        <line num="54" count="1" type="stmt"/>
        <line num="55" count="1" type="stmt"/>
        <line num="56" count="1" type="stmt"/>
      </file>
      <file name="ValidatedInput.vue" path="/Volumes/Files/Files/Development/GSA/smart-pay/smartpay-training/training-front-end/src/components/ValidatedInput.vue">
        <metrics statements="32" coveredstatements="32" conditionals="4" coveredconditionals="4" methods="1" coveredmethods="1"/>
        <line num="1" count="1" type="stmt"/>
        <line num="2" count="1" type="stmt"/>
        <line num="3" count="1" type="stmt"/>
        <line num="4" count="1" type="stmt"/>
        <line num="5" count="1" type="stmt"/>
        <line num="6" count="1" type="stmt"/>
        <line num="7" count="1" type="stmt"/>
        <line num="8" count="1" type="stmt"/>
        <line num="9" count="1" type="stmt"/>
        <line num="10" count="1" type="stmt"/>
        <line num="11" count="1" type="stmt"/>
        <line num="12" count="1" type="cond" truecount="1" falsecount="0"/>
        <line num="13" count="1" type="stmt"/>
        <line num="14" count="1" type="stmt"/>
        <line num="15" count="1" type="stmt"/>
        <line num="16" count="1" type="stmt"/>
        <line num="17" count="1" type="stmt"/>
        <line num="18" count="1" type="cond" truecount="1" falsecount="0"/>
        <line num="19" count="2" type="stmt"/>
        <line num="20" count="1" type="stmt"/>
        <line num="21" count="1" type="stmt"/>
        <line num="22" count="1" type="stmt"/>
        <line num="23" count="1" type="stmt"/>
        <line num="24" count="1" type="stmt"/>
        <line num="25" count="1" type="stmt"/>
        <line num="26" count="1" type="stmt"/>
        <line num="27" count="1" type="cond" truecount="2" falsecount="0"/>
        <line num="28" count="1" type="stmt"/>
        <line num="29" count="1" type="stmt"/>
        <line num="30" count="1" type="stmt"/>
        <line num="31" count="1" type="stmt"/>
        <line num="32" count="1" type="stmt"/>
      </file>
      <file name="ValidatedSelect.vue" path="/Volumes/Files/Files/Development/GSA/smart-pay/smartpay-training/training-front-end/src/components/ValidatedSelect.vue">
        <metrics statements="35" coveredstatements="35" conditionals="6" coveredconditionals="6" methods="1" coveredmethods="1"/>
        <line num="1" count="1" type="stmt"/>
        <line num="2" count="1" type="stmt"/>
        <line num="3" count="1" type="stmt"/>
        <line num="4" count="1" type="stmt"/>
        <line num="5" count="1" type="stmt"/>
        <line num="6" count="1" type="cond" truecount="2" falsecount="0"/>
        <line num="7" count="1" type="stmt"/>
        <line num="8" count="1" type="stmt"/>
        <line num="9" count="1" type="stmt"/>
        <line num="10" count="1" type="stmt"/>
        <line num="11" count="1" type="stmt"/>
        <line num="12" count="1" type="stmt"/>
        <line num="13" count="1" type="stmt"/>
        <line num="14" count="1" type="stmt"/>
        <line num="15" count="1" type="cond" truecount="1" falsecount="0"/>
        <line num="16" count="1" type="stmt"/>
        <line num="17" count="1" type="stmt"/>
        <line num="18" count="1" type="stmt"/>
        <line num="19" count="1" type="stmt"/>
        <line num="20" count="1" type="cond" truecount="1" falsecount="0"/>
        <line num="21" count="4" type="stmt"/>
        <line num="22" count="1" type="stmt"/>
        <line num="23" count="1" type="stmt"/>
        <line num="24" count="1" type="stmt"/>
        <line num="25" count="1" type="stmt"/>
        <line num="26" count="1" type="stmt"/>
        <line num="27" count="1" type="stmt"/>
        <line num="28" count="1" type="stmt"/>
        <line num="29" count="1" type="cond" truecount="2" falsecount="0"/>
        <line num="30" count="1" type="stmt"/>
        <line num="31" count="1" type="stmt"/>
        <line num="32" count="1" type="stmt"/>
        <line num="33" count="1" type="stmt"/>
        <line num="34" count="1" type="stmt"/>
        <line num="35" count="1" type="stmt"/>
      </file>
    </package>
    <package name="components.icons">
      <metrics statements="14" coveredstatements="14" conditionals="0" coveredconditionals="0" methods="0" coveredmethods="0"/>
      <file name="Cancel.vue" path="/Volumes/Files/Files/Development/GSA/smart-pay/smartpay-training/training-front-end/src/components/icons/Cancel.vue">
        <metrics statements="6" coveredstatements="6" conditionals="0" coveredconditionals="0" methods="0" coveredmethods="0"/>
        <line num="1" count="1" type="stmt"/>
        <line num="2" count="1" type="stmt"/>
        <line num="3" count="1" type="stmt"/>
        <line num="4" count="1" type="stmt"/>
        <line num="5" count="1" type="stmt"/>
        <line num="6" count="1" type="stmt"/>
      </file>
      <file name="NavigateBack.vue" path="/Volumes/Files/Files/Development/GSA/smart-pay/smartpay-training/training-front-end/src/components/icons/NavigateBack.vue">
        <metrics statements="4" coveredstatements="4" conditionals="0" coveredconditionals="0" methods="0" coveredmethods="0"/>
        <line num="1" count="1" type="stmt"/>
        <line num="2" count="1" type="stmt"/>
        <line num="3" count="1" type="stmt"/>
        <line num="4" count="1" type="stmt"/>
      </file>
      <file name="NavigateNext.vue" path="/Volumes/Files/Files/Development/GSA/smart-pay/smartpay-training/training-front-end/src/components/icons/NavigateNext.vue">
        <metrics statements="4" coveredstatements="4" conditionals="0" coveredconditionals="0" methods="0" coveredmethods="0"/>
        <line num="1" count="1" type="stmt"/>
        <line num="2" count="1" type="stmt"/>
        <line num="3" count="1" type="stmt"/>
        <line num="4" count="1" type="stmt"/>
      </file>
    </package>
    <package name="stores">
      <metrics statements="33" coveredstatements="33" conditionals="8" coveredconditionals="8" methods="0" coveredmethods="0"/>
      <file name="user.js" path="/Volumes/Files/Files/Development/GSA/smart-pay/smartpay-training/training-front-end/src/stores/user.js">
        <metrics statements="33" coveredstatements="33" conditionals="8" coveredconditionals="8" methods="0" coveredmethods="0"/>
        <line num="1" count="1" type="stmt"/>
        <line num="2" count="1" type="stmt"/>
        <line num="3" count="1" type="stmt"/>
        <line num="4" count="1" type="stmt"/>
        <line num="5" count="1" type="stmt"/>
        <line num="6" count="1" type="stmt"/>
        <line num="7" count="1" type="stmt"/>
        <line num="8" count="1" type="stmt"/>
        <line num="9" count="1" type="stmt"/>
        <line num="10" count="1" type="cond" truecount="1" falsecount="0"/>
        <line num="11" count="1" type="stmt"/>
        <line num="12" count="1" type="cond" truecount="1" falsecount="0"/>
        <line num="13" count="9" type="stmt"/>
        <line num="14" count="9" type="stmt"/>
        <line num="15" count="9" type="stmt"/>
        <line num="16" count="9" type="stmt"/>
        <line num="17" count="9" type="cond" truecount="2" falsecount="0"/>
        <line num="18" count="2" type="stmt"/>
        <line num="19" count="2" type="stmt"/>
        <line num="20" count="2" type="stmt"/>
        <line num="21" count="2" type="stmt"/>
        <line num="22" count="2" type="stmt"/>
        <line num="23" count="2" type="stmt"/>
        <line num="24" count="9" type="cond" truecount="3" falsecount="0"/>
        <line num="25" count="3" type="stmt"/>
        <line num="26" count="3" type="stmt"/>
        <line num="27" count="3" type="stmt"/>
        <line num="28" count="3" type="stmt"/>
        <line num="29" count="3" type="stmt"/>
        <line num="30" count="4" type="cond" truecount="1" falsecount="0"/>
        <line num="31" count="4" type="stmt"/>
        <line num="32" count="4" type="stmt"/>
        <line num="33" count="4" type="stmt"/>
      </file>
    </package>
  </project>
</coverage>
